<?xml version="1.0" encoding="UTF-8"?>
<testng-results ignored="0" total="1" passed="1" failed="0" skipped="0">
  <reporter-output>
  </reporter-output>
  <suite started-at="2023-08-12T13:28:30 IST" name="ExceptionsTests" finished-at="2023-08-12T13:29:04 IST" duration-ms="34124">
    <groups>
    </groups>
    <test started-at="2023-08-12T13:28:30 IST" name="ExceptionsTests" finished-at="2023-08-12T13:29:04 IST" duration-ms="34124">
      <class name="com.herokuapp.theinternet.ExceptionsTests">
        <test-method is-config="true" signature="setUp(java.lang.String)[pri:0, instance:com.herokuapp.theinternet.ExceptionsTests@2a3b5b47]" started-at="2023-08-12T13:28:30 IST" name="setUp" finished-at="2023-08-12T13:28:35 IST" duration-ms="4910" status="PASS">
          <params>
            <param index="0">
              <value>
                <![CDATA[chrome]]>
              </value>
            </param>
          </params>
          <reporter-output>
          </reporter-output>
        </test-method> <!-- setUp -->
        <test-method signature="staleElementReferenceExceptionTest()[pri:0, instance:com.herokuapp.theinternet.ExceptionsTests@2a3b5b47]" started-at="2023-08-12T13:28:35 IST" name="staleElementReferenceExceptionTest" finished-at="2023-08-12T13:29:04 IST" duration-ms="28481" status="PASS">
          <reporter-output>
          </reporter-output>
        </test-method> <!-- staleElementReferenceExceptionTest -->
        <test-method is-config="true" signature="tearDown()[pri:0, instance:com.herokuapp.theinternet.ExceptionsTests@2a3b5b47]" started-at="2023-08-12T13:29:04 IST" name="tearDown" finished-at="2023-08-12T13:29:04 IST" duration-ms="653" status="PASS">
          <reporter-output>
          </reporter-output>
        </test-method> <!-- tearDown -->
      </class> <!-- com.herokuapp.theinternet.ExceptionsTests -->
    </test> <!-- ExceptionsTests -->
  </suite> <!-- ExceptionsTests -->
</testng-results>
